2016-07-24 15:52:17,568 [Worker-32] INFO  org.eclipse.jetty.util.log - Logging initialized @1038929ms
2016-07-24 15:52:17,711 [Worker-32] INFO  org.eclipse.jetty.server.Server - jetty-9.2.13.v20150730
2016-07-24 15:52:17,763 [Worker-32] INFO  o.e.j.server.handler.ContextHandler - Started o.e.j.s.ServletContextHandler@4bcc45{/rhelp,null,AVAILABLE}
2016-07-24 15:52:17,784 [Worker-32] INFO  o.e.jetty.server.ServerConnector - Started ServerConnector@1538c6f{HTTP/1.1}{127.0.0.1:50556}
2016-07-24 15:52:17,784 [Worker-32] INFO  org.eclipse.jetty.server.Server - Started @1039213ms
2016-07-24 17:42:59,213 [Framework stop] INFO  o.e.jetty.server.ServerConnector - Stopped ServerConnector@1538c6f{HTTP/1.1}{127.0.0.1:0}
2016-07-24 17:42:59,228 [Framework stop] INFO  o.e.j.server.handler.ContextHandler - Stopped o.e.j.s.ServletContextHandler@4bcc45{/rhelp,null,UNAVAILABLE}
2016-08-13 12:48:32,273 [Worker-19] INFO  org.eclipse.jetty.util.log - Logging initialized @759091ms
2016-08-13 12:48:32,533 [Worker-19] INFO  org.eclipse.jetty.server.Server - jetty-9.2.13.v20150730
2016-08-13 12:48:32,657 [Worker-19] INFO  o.e.j.server.handler.ContextHandler - Started o.e.j.s.ServletContextHandler@195a7c8{/rhelp,null,AVAILABLE}
2016-08-13 12:48:32,699 [Worker-19] INFO  o.e.jetty.server.ServerConnector - Started ServerConnector@141a659{HTTP/1.1}{127.0.0.1:49696}
2016-08-13 12:48:32,699 [Worker-19] INFO  org.eclipse.jetty.server.Server - Started @759526ms
2016-08-13 16:08:21,323 [Framework stop] INFO  o.e.jetty.server.ServerConnector - Stopped ServerConnector@141a659{HTTP/1.1}{127.0.0.1:0}
2016-08-13 16:08:21,399 [Framework stop] INFO  o.e.j.server.handler.ContextHandler - Stopped o.e.j.s.ServletContextHandler@195a7c8{/rhelp,null,UNAVAILABLE}
2016-08-14 19:00:36,837 [Worker-26] INFO  org.eclipse.jetty.util.log - Logging initialized @529093ms
2016-08-14 19:00:37,114 [Worker-26] INFO  org.eclipse.jetty.server.Server - jetty-9.2.13.v20150730
2016-08-14 19:00:37,167 [Worker-26] INFO  o.e.j.server.handler.ContextHandler - Started o.e.j.s.ServletContextHandler@303963{/rhelp,null,AVAILABLE}
2016-08-14 19:00:37,199 [Worker-26] INFO  o.e.jetty.server.ServerConnector - Started ServerConnector@114cd19{HTTP/1.1}{127.0.0.1:49614}
2016-08-14 19:00:37,200 [Worker-26] INFO  org.eclipse.jetty.server.Server - Started @529459ms
2016-08-15 15:52:50,087 [Framework stop] INFO  o.e.jetty.server.ServerConnector - Stopped ServerConnector@114cd19{HTTP/1.1}{127.0.0.1:0}
2016-08-15 15:52:50,293 [Framework stop] INFO  o.e.j.server.handler.ContextHandler - Stopped o.e.j.s.ServletContextHandler@303963{/rhelp,null,UNAVAILABLE}
2016-09-03 02:53:42,896 [Worker-53] INFO  org.eclipse.jetty.util.log - Logging initialized @1505461ms
2016-09-03 02:53:43,232 [Worker-53] INFO  org.eclipse.jetty.server.Server - jetty-9.2.13.v20150730
2016-09-03 02:53:43,290 [Worker-53] INFO  o.e.j.server.handler.ContextHandler - Started o.e.j.s.ServletContextHandler@1870b2c{/rhelp,null,AVAILABLE}
2016-09-03 02:53:43,298 [Worker-53] INFO  o.e.jetty.server.ServerConnector - Started ServerConnector@1550b22{HTTP/1.1}{127.0.0.1:52615}
2016-09-03 02:53:43,298 [Worker-53] INFO  org.eclipse.jetty.server.Server - Started @1505883ms
2016-09-03 02:59:04,130 [Framework stop] INFO  o.e.jetty.server.ServerConnector - Stopped ServerConnector@1550b22{HTTP/1.1}{127.0.0.1:0}
2016-09-03 02:59:04,146 [Framework stop] INFO  o.e.j.server.handler.ContextHandler - Stopped o.e.j.s.ServletContextHandler@1870b2c{/rhelp,null,UNAVAILABLE}
2016-09-03 12:16:52,015 [Worker-23] INFO  org.eclipse.jetty.util.log - Logging initialized @1694543ms
2016-09-03 12:16:52,164 [Worker-23] INFO  org.eclipse.jetty.server.Server - jetty-9.2.13.v20150730
2016-09-03 12:16:52,223 [Worker-23] INFO  o.e.j.server.handler.ContextHandler - Started o.e.j.s.ServletContextHandler@d74fc4{/rhelp,null,AVAILABLE}
2016-09-03 12:16:52,230 [Worker-23] INFO  o.e.jetty.server.ServerConnector - Started ServerConnector@a626d5{HTTP/1.1}{127.0.0.1:50816}
2016-09-03 12:16:52,230 [Worker-23] INFO  org.eclipse.jetty.server.Server - Started @1694772ms
2016-09-03 12:52:24,273 [Worker-23] INFO  org.eclipse.jetty.server.Server - jetty-9.2.13.v20150730
2016-09-03 12:52:24,277 [Worker-23] INFO  o.e.jetty.server.ServerConnector - Started ServerConnector@ce4b41{HTTP/1.1}{0.0.0.0:51259}
2016-09-03 12:52:24,278 [Worker-23] INFO  org.eclipse.jetty.server.Server - Started @3786510ms
2016-09-09 00:55:07,982 [Worker-30] WARN  o.e.r.models.ModelRepository - Failed to download jre:jre:ctor:zip:1.0.0
org.eclipse.aether.resolution.ArtifactResolutionException: Could not transfer artifact jre:jre:zip:ctor:1.0.0-20160630.072510-1 from/to models (http://download.eclipse.org/recommenders/models/neon/): download.eclipse.org
	at org.eclipse.aether.internal.impl.DefaultArtifactResolver.resolve(DefaultArtifactResolver.java:444) ~[na:na]
	at org.eclipse.aether.internal.impl.DefaultArtifactResolver.resolveArtifacts(DefaultArtifactResolver.java:246) ~[na:na]
	at org.eclipse.aether.internal.impl.DefaultArtifactResolver.resolveArtifact(DefaultArtifactResolver.java:223) ~[na:na]
	at org.eclipse.aether.internal.impl.DefaultRepositorySystem.resolveArtifact(DefaultRepositorySystem.java:294) ~[na:na]
	at org.eclipse.recommenders.models.ModelRepository.resolveInternal(ModelRepository.java:193) [org.eclipse.recommenders.models_2.4.2.v20160708-1336.jar:na]
	at org.eclipse.recommenders.models.ModelRepository.resolve(ModelRepository.java:172) [org.eclipse.recommenders.models_2.4.2.v20160708-1336.jar:na]
	at org.eclipse.recommenders.internal.models.rcp.EclipseModelRepository.resolve(EclipseModelRepository.java:165) [org.eclipse.recommenders.models.rcp_2.4.2.v20160708-1336.jar:na]
	at org.eclipse.recommenders.internal.models.rcp.DownloadModelArchiveJob.run(DownloadModelArchiveJob.java:76) [org.eclipse.recommenders.models.rcp_2.4.2.v20160708-1336.jar:na]
	at org.eclipse.core.internal.jobs.Worker.run(Worker.java:55) [org.eclipse.core.jobs_3.7.0.v20150330-2103.jar:na]
Caused by: org.eclipse.aether.transfer.ArtifactTransferException: Could not transfer artifact jre:jre:zip:ctor:1.0.0-20160630.072510-1 from/to models (http://download.eclipse.org/recommenders/models/neon/): download.eclipse.org
	at org.eclipse.aether.connector.basic.ArtifactTransportListener.transferFailed(ArtifactTransportListener.java:43) ~[org.eclipse.aether.connector.basic_1.0.1.v20141111.jar:na]
	at org.eclipse.aether.connector.basic.BasicRepositoryConnector$TaskRunner.run(BasicRepositoryConnector.java:355) ~[org.eclipse.aether.connector.basic_1.0.1.v20141111.jar:na]
	at org.eclipse.aether.util.concurrency.RunnableErrorForwarder$1.run(RunnableErrorForwarder.java:67) ~[na:na]
	at org.eclipse.aether.connector.basic.BasicRepositoryConnector$DirectExecutor.execute(BasicRepositoryConnector.java:581) ~[org.eclipse.aether.connector.basic_1.0.1.v20141111.jar:na]
	at org.eclipse.aether.connector.basic.BasicRepositoryConnector.get(BasicRepositoryConnector.java:249) ~[org.eclipse.aether.connector.basic_1.0.1.v20141111.jar:na]
	at org.eclipse.aether.internal.impl.DefaultArtifactResolver.performDownloads(DefaultArtifactResolver.java:520) ~[na:na]
	at org.eclipse.aether.internal.impl.DefaultArtifactResolver.resolve(DefaultArtifactResolver.java:421) ~[na:na]
	... 8 common frames omitted
Caused by: java.net.UnknownHostException: download.eclipse.org
	at java.net.InetAddress.getAllByName0(InetAddress.java:1280) ~[na:1.8.0_51]
	at java.net.InetAddress.getAllByName(InetAddress.java:1192) ~[na:1.8.0_51]
	at java.net.InetAddress.getAllByName(InetAddress.java:1126) ~[na:1.8.0_51]
	at org.apache.http.impl.conn.SystemDefaultDnsResolver.resolve(SystemDefaultDnsResolver.java:44) ~[na:na]
	at org.apache.http.impl.conn.DefaultClientConnectionOperator.resolveHostname(DefaultClientConnectionOperator.java:259) ~[na:na]
	at org.apache.http.impl.conn.DefaultClientConnectionOperator.openConnection(DefaultClientConnectionOperator.java:159) ~[na:na]
	at org.apache.http.impl.conn.ManagedClientConnectionImpl.open(ManagedClientConnectionImpl.java:304) ~[na:na]
	at org.apache.http.impl.client.DefaultRequestDirector.tryConnect(DefaultRequestDirector.java:611) ~[na:na]
	at org.apache.http.impl.client.DefaultRequestDirector.execute(DefaultRequestDirector.java:446) ~[na:na]
	at org.apache.http.impl.client.AbstractHttpClient.doExecute(AbstractHttpClient.java:863) ~[na:na]
	at org.apache.http.impl.client.CloseableHttpClient.execute(CloseableHttpClient.java:72) ~[na:na]
	at org.apache.http.impl.client.CloseableHttpClient.execute(CloseableHttpClient.java:57) ~[na:na]
	at org.apache.http.impl.client.DecompressingHttpClient.execute(DecompressingHttpClient.java:158) ~[na:na]
	at org.eclipse.aether.transport.http.HttpTransporter.execute(HttpTransporter.java:287) ~[org.eclipse.aether.transport.http_1.0.1.v20141111.jar:na]
	at org.eclipse.aether.transport.http.HttpTransporter.implGet(HttpTransporter.java:243) ~[org.eclipse.aether.transport.http_1.0.1.v20141111.jar:na]
	at org.eclipse.aether.spi.connector.transport.AbstractTransporter.get(AbstractTransporter.java:59) ~[org.eclipse.aether.spi_1.0.1.v20141111.jar:na]
	at org.eclipse.aether.connector.basic.BasicRepositoryConnector$GetTaskRunner.runTask(BasicRepositoryConnector.java:447) ~[org.eclipse.aether.connector.basic_1.0.1.v20141111.jar:na]
	at org.eclipse.aether.connector.basic.BasicRepositoryConnector$TaskRunner.run(BasicRepositoryConnector.java:350) ~[org.eclipse.aether.connector.basic_1.0.1.v20141111.jar:na]
	... 13 common frames omitted
2016-09-09 01:03:24,239 [Worker-42] WARN  o.e.r.models.ModelRepository - Failed to download jre:jre:ctor:zip:1.0.0
org.eclipse.aether.resolution.ArtifactResolutionException: Failure to transfer jre:jre:zip:ctor:1.0.0-20160630.072510-1 from http://download.eclipse.org/recommenders/models/neon/ was cached in the local repository, resolution will not be reattempted until the update interval of models has elapsed or updates are forced. Original error: Could not transfer artifact jre:jre:zip:ctor:1.0.0-20160630.072510-1 from/to models (http://download.eclipse.org/recommenders/models/neon/): download.eclipse.org
	at org.eclipse.aether.internal.impl.DefaultArtifactResolver.resolve(DefaultArtifactResolver.java:444) ~[na:na]
	at org.eclipse.aether.internal.impl.DefaultArtifactResolver.resolveArtifacts(DefaultArtifactResolver.java:246) ~[na:na]
	at org.eclipse.aether.internal.impl.DefaultArtifactResolver.resolveArtifact(DefaultArtifactResolver.java:223) ~[na:na]
	at org.eclipse.aether.internal.impl.DefaultRepositorySystem.resolveArtifact(DefaultRepositorySystem.java:294) ~[na:na]
	at org.eclipse.recommenders.models.ModelRepository.resolveInternal(ModelRepository.java:193) [org.eclipse.recommenders.models_2.4.2.v20160708-1336.jar:na]
	at org.eclipse.recommenders.models.ModelRepository.resolve(ModelRepository.java:172) [org.eclipse.recommenders.models_2.4.2.v20160708-1336.jar:na]
	at org.eclipse.recommenders.internal.models.rcp.EclipseModelRepository.resolve(EclipseModelRepository.java:165) [org.eclipse.recommenders.models.rcp_2.4.2.v20160708-1336.jar:na]
	at org.eclipse.recommenders.internal.models.rcp.DownloadModelArchiveJob.run(DownloadModelArchiveJob.java:76) [org.eclipse.recommenders.models.rcp_2.4.2.v20160708-1336.jar:na]
	at org.eclipse.core.internal.jobs.Worker.run(Worker.java:55) [org.eclipse.core.jobs_3.7.0.v20150330-2103.jar:na]
Caused by: org.eclipse.aether.transfer.ArtifactTransferException: Failure to transfer jre:jre:zip:ctor:1.0.0-20160630.072510-1 from http://download.eclipse.org/recommenders/models/neon/ was cached in the local repository, resolution will not be reattempted until the update interval of models has elapsed or updates are forced. Original error: Could not transfer artifact jre:jre:zip:ctor:1.0.0-20160630.072510-1 from/to models (http://download.eclipse.org/recommenders/models/neon/): download.eclipse.org
	at org.eclipse.aether.internal.impl.DefaultUpdateCheckManager.newException(DefaultUpdateCheckManager.java:238) ~[na:na]
	at org.eclipse.aether.internal.impl.DefaultUpdateCheckManager.checkArtifact(DefaultUpdateCheckManager.java:206) ~[na:na]
	at org.eclipse.aether.internal.impl.DefaultArtifactResolver.gatherDownloads(DefaultArtifactResolver.java:585) ~[na:na]
	at org.eclipse.aether.internal.impl.DefaultArtifactResolver.performDownloads(DefaultArtifactResolver.java:503) ~[na:na]
	at org.eclipse.aether.internal.impl.DefaultArtifactResolver.resolve(DefaultArtifactResolver.java:421) ~[na:na]
	... 8 common frames omitted
2016-09-22 13:01:01,915 [Worker-19] INFO  org.eclipse.jetty.util.log - Logging initialized @101321ms
2016-09-22 13:01:02,171 [Worker-19] INFO  org.eclipse.jetty.server.Server - jetty-9.2.13.v20150730
2016-09-22 13:01:02,249 [Worker-19] INFO  o.e.j.server.handler.ContextHandler - Started o.e.j.s.ServletContextHandler@460c61{/rhelp,null,AVAILABLE}
2016-09-22 13:01:02,289 [Worker-19] INFO  o.e.jetty.server.ServerConnector - Started ServerConnector@4ed726{HTTP/1.1}{127.0.0.1:53692}
2016-09-22 13:01:02,289 [Worker-19] INFO  org.eclipse.jetty.server.Server - Started @101711ms
2016-09-22 15:33:09,811 [Framework stop] INFO  o.e.jetty.server.ServerConnector - Stopped ServerConnector@4ed726{HTTP/1.1}{127.0.0.1:0}
2016-09-22 15:33:09,836 [Framework stop] INFO  o.e.j.server.handler.ContextHandler - Stopped o.e.j.s.ServletContextHandler@460c61{/rhelp,null,UNAVAILABLE}
2016-09-23 14:17:47,446 [Worker-99] INFO  org.eclipse.jetty.util.log - Logging initialized @3804138ms
2016-09-23 14:17:47,586 [Worker-99] INFO  org.eclipse.jetty.server.Server - jetty-9.2.13.v20150730
2016-09-23 14:17:47,614 [Worker-99] INFO  o.e.jetty.server.ServerConnector - Started ServerConnector@e59c79{HTTP/1.1}{0.0.0.0:54585}
2016-09-23 14:17:47,615 [Worker-99] INFO  org.eclipse.jetty.server.Server - Started @3804309ms
2016-09-23 15:06:28,925 [Worker-125] WARN  o.e.r.models.ModelRepository - Failed to download jre:jre:ctor:zip:1.0.0
org.eclipse.aether.resolution.ArtifactResolutionException: Could not transfer artifact jre:jre:zip:ctor:1.0.0-20160630.072510-1 from/to models (http://download.eclipse.org/recommenders/models/neon/): download.eclipse.org
	at org.eclipse.aether.internal.impl.DefaultArtifactResolver.resolve(DefaultArtifactResolver.java:444) ~[na:na]
	at org.eclipse.aether.internal.impl.DefaultArtifactResolver.resolveArtifacts(DefaultArtifactResolver.java:246) ~[na:na]
	at org.eclipse.aether.internal.impl.DefaultArtifactResolver.resolveArtifact(DefaultArtifactResolver.java:223) ~[na:na]
	at org.eclipse.aether.internal.impl.DefaultRepositorySystem.resolveArtifact(DefaultRepositorySystem.java:294) ~[na:na]
	at org.eclipse.recommenders.models.ModelRepository.resolveInternal(ModelRepository.java:193) [org.eclipse.recommenders.models_2.4.2.v20160708-1336.jar:na]
	at org.eclipse.recommenders.models.ModelRepository.resolve(ModelRepository.java:172) [org.eclipse.recommenders.models_2.4.2.v20160708-1336.jar:na]
	at org.eclipse.recommenders.internal.models.rcp.EclipseModelRepository.resolve(EclipseModelRepository.java:165) [org.eclipse.recommenders.models.rcp_2.4.2.v20160708-1336.jar:na]
	at org.eclipse.recommenders.internal.models.rcp.DownloadModelArchiveJob.run(DownloadModelArchiveJob.java:76) [org.eclipse.recommenders.models.rcp_2.4.2.v20160708-1336.jar:na]
	at org.eclipse.core.internal.jobs.Worker.run(Worker.java:55) [org.eclipse.core.jobs_3.7.0.v20150330-2103.jar:na]
Caused by: org.eclipse.aether.transfer.ArtifactTransferException: Could not transfer artifact jre:jre:zip:ctor:1.0.0-20160630.072510-1 from/to models (http://download.eclipse.org/recommenders/models/neon/): download.eclipse.org
	at org.eclipse.aether.connector.basic.ArtifactTransportListener.transferFailed(ArtifactTransportListener.java:43) ~[org.eclipse.aether.connector.basic_1.0.1.v20141111.jar:na]
	at org.eclipse.aether.connector.basic.BasicRepositoryConnector$TaskRunner.run(BasicRepositoryConnector.java:355) ~[org.eclipse.aether.connector.basic_1.0.1.v20141111.jar:na]
	at org.eclipse.aether.util.concurrency.RunnableErrorForwarder$1.run(RunnableErrorForwarder.java:67) ~[na:na]
	at org.eclipse.aether.connector.basic.BasicRepositoryConnector$DirectExecutor.execute(BasicRepositoryConnector.java:581) ~[org.eclipse.aether.connector.basic_1.0.1.v20141111.jar:na]
	at org.eclipse.aether.connector.basic.BasicRepositoryConnector.get(BasicRepositoryConnector.java:249) ~[org.eclipse.aether.connector.basic_1.0.1.v20141111.jar:na]
	at org.eclipse.aether.internal.impl.DefaultArtifactResolver.performDownloads(DefaultArtifactResolver.java:520) ~[na:na]
	at org.eclipse.aether.internal.impl.DefaultArtifactResolver.resolve(DefaultArtifactResolver.java:421) ~[na:na]
	... 8 common frames omitted
Caused by: java.net.UnknownHostException: download.eclipse.org
	at java.net.Inet6AddressImpl.lookupAllHostAddr(Native Method) ~[na:1.8.0_51]
	at java.net.InetAddress$2.lookupAllHostAddr(InetAddress.java:928) ~[na:1.8.0_51]
	at java.net.InetAddress.getAddressesFromNameService(InetAddress.java:1323) ~[na:1.8.0_51]
	at java.net.InetAddress.getAllByName0(InetAddress.java:1276) ~[na:1.8.0_51]
	at java.net.InetAddress.getAllByName(InetAddress.java:1192) ~[na:1.8.0_51]
	at java.net.InetAddress.getAllByName(InetAddress.java:1126) ~[na:1.8.0_51]
	at org.apache.http.impl.conn.SystemDefaultDnsResolver.resolve(SystemDefaultDnsResolver.java:44) ~[na:na]
	at org.apache.http.impl.conn.DefaultClientConnectionOperator.resolveHostname(DefaultClientConnectionOperator.java:259) ~[na:na]
	at org.apache.http.impl.conn.DefaultClientConnectionOperator.openConnection(DefaultClientConnectionOperator.java:159) ~[na:na]
	at org.apache.http.impl.conn.ManagedClientConnectionImpl.open(ManagedClientConnectionImpl.java:304) ~[na:na]
	at org.apache.http.impl.client.DefaultRequestDirector.tryConnect(DefaultRequestDirector.java:611) ~[na:na]
	at org.apache.http.impl.client.DefaultRequestDirector.execute(DefaultRequestDirector.java:446) ~[na:na]
	at org.apache.http.impl.client.AbstractHttpClient.doExecute(AbstractHttpClient.java:863) ~[na:na]
	at org.apache.http.impl.client.CloseableHttpClient.execute(CloseableHttpClient.java:72) ~[na:na]
	at org.apache.http.impl.client.CloseableHttpClient.execute(CloseableHttpClient.java:57) ~[na:na]
	at org.apache.http.impl.client.DecompressingHttpClient.execute(DecompressingHttpClient.java:158) ~[na:na]
	at org.eclipse.aether.transport.http.HttpTransporter.execute(HttpTransporter.java:287) ~[org.eclipse.aether.transport.http_1.0.1.v20141111.jar:na]
	at org.eclipse.aether.transport.http.HttpTransporter.implGet(HttpTransporter.java:243) ~[org.eclipse.aether.transport.http_1.0.1.v20141111.jar:na]
	at org.eclipse.aether.spi.connector.transport.AbstractTransporter.get(AbstractTransporter.java:59) ~[org.eclipse.aether.spi_1.0.1.v20141111.jar:na]
	at org.eclipse.aether.connector.basic.BasicRepositoryConnector$GetTaskRunner.runTask(BasicRepositoryConnector.java:447) ~[org.eclipse.aether.connector.basic_1.0.1.v20141111.jar:na]
	at org.eclipse.aether.connector.basic.BasicRepositoryConnector$TaskRunner.run(BasicRepositoryConnector.java:350) ~[org.eclipse.aether.connector.basic_1.0.1.v20141111.jar:na]
	... 13 common frames omitted
2016-09-23 15:06:45,235 [Worker-128] WARN  o.e.r.models.ModelRepository - Failed to download jre:jre:ctor:zip:1.0.0
org.eclipse.aether.resolution.ArtifactResolutionException: Failure to transfer jre:jre:zip:ctor:1.0.0-20160630.072510-1 from http://download.eclipse.org/recommenders/models/neon/ was cached in the local repository, resolution will not be reattempted until the update interval of models has elapsed or updates are forced. Original error: Could not transfer artifact jre:jre:zip:ctor:1.0.0-20160630.072510-1 from/to models (http://download.eclipse.org/recommenders/models/neon/): download.eclipse.org
	at org.eclipse.aether.internal.impl.DefaultArtifactResolver.resolve(DefaultArtifactResolver.java:444) ~[na:na]
	at org.eclipse.aether.internal.impl.DefaultArtifactResolver.resolveArtifacts(DefaultArtifactResolver.java:246) ~[na:na]
	at org.eclipse.aether.internal.impl.DefaultArtifactResolver.resolveArtifact(DefaultArtifactResolver.java:223) ~[na:na]
	at org.eclipse.aether.internal.impl.DefaultRepositorySystem.resolveArtifact(DefaultRepositorySystem.java:294) ~[na:na]
	at org.eclipse.recommenders.models.ModelRepository.resolveInternal(ModelRepository.java:193) [org.eclipse.recommenders.models_2.4.2.v20160708-1336.jar:na]
	at org.eclipse.recommenders.models.ModelRepository.resolve(ModelRepository.java:172) [org.eclipse.recommenders.models_2.4.2.v20160708-1336.jar:na]
	at org.eclipse.recommenders.internal.models.rcp.EclipseModelRepository.resolve(EclipseModelRepository.java:165) [org.eclipse.recommenders.models.rcp_2.4.2.v20160708-1336.jar:na]
	at org.eclipse.recommenders.internal.models.rcp.DownloadModelArchiveJob.run(DownloadModelArchiveJob.java:76) [org.eclipse.recommenders.models.rcp_2.4.2.v20160708-1336.jar:na]
	at org.eclipse.core.internal.jobs.Worker.run(Worker.java:55) [org.eclipse.core.jobs_3.7.0.v20150330-2103.jar:na]
Caused by: org.eclipse.aether.transfer.ArtifactTransferException: Failure to transfer jre:jre:zip:ctor:1.0.0-20160630.072510-1 from http://download.eclipse.org/recommenders/models/neon/ was cached in the local repository, resolution will not be reattempted until the update interval of models has elapsed or updates are forced. Original error: Could not transfer artifact jre:jre:zip:ctor:1.0.0-20160630.072510-1 from/to models (http://download.eclipse.org/recommenders/models/neon/): download.eclipse.org
	at org.eclipse.aether.internal.impl.DefaultUpdateCheckManager.newException(DefaultUpdateCheckManager.java:238) ~[na:na]
	at org.eclipse.aether.internal.impl.DefaultUpdateCheckManager.checkArtifact(DefaultUpdateCheckManager.java:206) ~[na:na]
	at org.eclipse.aether.internal.impl.DefaultArtifactResolver.gatherDownloads(DefaultArtifactResolver.java:585) ~[na:na]
	at org.eclipse.aether.internal.impl.DefaultArtifactResolver.performDownloads(DefaultArtifactResolver.java:503) ~[na:na]
	at org.eclipse.aether.internal.impl.DefaultArtifactResolver.resolve(DefaultArtifactResolver.java:421) ~[na:na]
	... 8 common frames omitted
2016-09-23 17:04:15,958 [Worker-43] INFO  org.eclipse.jetty.util.log - Logging initialized @3182817ms
2016-09-23 17:04:16,106 [Worker-43] INFO  org.eclipse.jetty.server.Server - jetty-9.2.13.v20150730
2016-09-23 17:04:16,459 [Worker-43] INFO  o.e.jetty.server.ServerConnector - Started ServerConnector@9d3f31{HTTP/1.1}{0.0.0.0:52500}
2016-09-23 17:04:16,459 [Worker-43] INFO  org.eclipse.jetty.server.Server - Started @3183387ms
2016-09-26 13:17:32,396 [Worker-4] INFO  org.eclipse.jetty.util.log - Logging initialized @34026ms
2016-09-26 13:17:32,538 [Worker-4] INFO  org.eclipse.jetty.server.Server - jetty-9.2.13.v20150730
2016-09-26 13:17:32,961 [Worker-4] INFO  o.e.jetty.server.ServerConnector - Started ServerConnector@2bc631{HTTP/1.1}{0.0.0.0:49285}
2016-09-26 13:17:32,961 [Worker-4] INFO  org.eclipse.jetty.server.Server - Started @34595ms
2016-09-27 14:30:56,054 [Worker-1] INFO  org.eclipse.jetty.util.log - Logging initialized @68376ms
2016-09-27 14:30:56,179 [Worker-1] INFO  org.eclipse.jetty.server.Server - jetty-9.2.13.v20150730
2016-09-27 14:30:56,585 [Worker-1] INFO  o.e.jetty.server.ServerConnector - Started ServerConnector@6a02d9{HTTP/1.1}{0.0.0.0:62581}
2016-09-27 14:30:56,585 [Worker-1] INFO  org.eclipse.jetty.server.Server - Started @68937ms
2016-09-28 15:22:03,669 [Worker-39] INFO  org.eclipse.jetty.util.log - Logging initialized @844957ms
2016-09-28 15:22:03,988 [Worker-39] INFO  org.eclipse.jetty.server.Server - jetty-9.2.13.v20150730
2016-09-28 15:22:05,080 [Worker-39] INFO  o.e.jetty.server.ServerConnector - Started ServerConnector@a0319f{HTTP/1.1}{0.0.0.0:50186}
2016-09-28 15:22:05,081 [Worker-39] INFO  org.eclipse.jetty.server.Server - Started @846482ms
2017-04-30 20:38:22,347 [Worker-5] INFO  org.eclipse.jetty.util.log - Logging initialized @787452ms
2017-04-30 20:38:22,467 [Worker-5] INFO  org.eclipse.jetty.server.Server - jetty-9.2.13.v20150730
2017-04-30 20:38:22,674 [Worker-5] INFO  o.e.jetty.server.ServerConnector - Started ServerConnector@1babe72{HTTP/1.1}{0.0.0.0:57935}
2017-04-30 20:38:22,674 [Worker-5] INFO  org.eclipse.jetty.server.Server - Started @787796ms
2017-05-29 13:38:17,017 [Worker-18] INFO  org.eclipse.jetty.util.log - Logging initialized @39812ms
2017-05-29 13:38:17,176 [Worker-18] INFO  org.eclipse.jetty.server.Server - jetty-9.2.13.v20150730
2017-05-29 13:38:17,213 [Worker-18] INFO  o.e.jetty.server.ServerConnector - Started ServerConnector@1cc8112{HTTP/1.1}{0.0.0.0:52025}
2017-05-29 13:38:17,213 [Worker-18] INFO  org.eclipse.jetty.server.Server - Started @40047ms
2017-10-15 14:46:12,269 [Worker-9] INFO  org.eclipse.jetty.util.log - Logging initialized @59076ms
2017-10-15 14:46:12,600 [Worker-9] INFO  org.eclipse.jetty.server.Server - jetty-9.2.13.v20150730
2017-10-15 14:46:12,666 [Worker-9] INFO  o.e.jetty.server.ServerConnector - Started ServerConnector@6e2223{HTTP/1.1}{0.0.0.0:59143}
2017-10-15 14:46:12,666 [Worker-9] INFO  org.eclipse.jetty.server.Server - Started @59487ms
